# JRE version: OpenJDK Runtime Environment (8.0_242-b01) (build 1.8.0_242-release-1644-b01)
# Java VM: OpenJDK 64-Bit Server VM (25.242-b01 mixed mode windows-amd64 compressed oops)
Heap:
 PSYoungGen      total 636416K, used 138617K [0x00000000d5580000, 0x0000000100000000, 0x0000000100000000)
  eden space 606720K, 22% used [0x00000000d5580000,0x00000000ddcde598,0x00000000fa600000)
  from space 29696K, 0% used [0x00000000fa600000,0x00000000fa600000,0x00000000fc300000)
  to   space 47104K, 0% used [0x00000000fd200000,0x00000000fd200000,0x0000000100000000)
 ParOldGen       total 193536K, used 93162K [0x0000000080000000, 0x000000008bd00000, 0x00000000d5580000)
  object space 193536K, 48% used [0x0000000080000000,0x0000000085afaa30,0x000000008bd00000)
 Metaspace       used 129718K, capacity 134814K, committed 135320K, reserved 1167360K
  class space    used 16610K, capacity 17616K, committed 17832K, reserved 1048576K
GC Heap History (10 events):
Event: 5071.086 GC heap before
{Heap before GC invocations=16 (full 3):
 PSYoungGen      total 523264K, used 440920K [0x00000000d5580000, 0x00000000f8200000, 0x0000000100000000)
  eden space 496640K, 83% used [0x00000000d5580000,0x00000000eea54c98,0x00000000f3a80000)
  from space 26624K, 99% used [0x00000000f6800000,0x00000000f81c1460,0x00000000f8200000)
  to   space 34304K, 0% used [0x00000000f3f00000,0x00000000f3f00000,0x00000000f6080000)
 ParOldGen       total 92160K, used 57277K [0x0000000080000000, 0x0000000085a00000, 0x00000000d5580000)
  object space 92160K, 62% used [0x0000000080000000,0x00000000837ef750,0x0000000085a00000)
 Metaspace       used 93934K, capacity 98502K, committed 98600K, reserved 1134592K
  class space    used 12232K, capacity 13143K, committed 13224K, reserved 1048576K
Event: 5071.150 GC heap after
Heap after GC invocations=16 (full 3):
 PSYoungGen      total 535552K, used 32180K [0x00000000d5580000, 0x0000000100000000, 0x0000000100000000)
  eden space 501248K, 0% used [0x00000000d5580000,0x00000000d5580000,0x00000000f3f00000)
  from space 34304K, 93% used [0x00000000f3f00000,0x00000000f5e6d3f0,0x00000000f6080000)
  to   space 38912K, 0% used [0x00000000fda00000,0x00000000fda00000,0x0000000100000000)
 ParOldGen       total 92160K, used 69947K [0x0000000080000000, 0x0000000085a00000, 0x00000000d5580000)
  object space 92160K, 75% used [0x0000000080000000,0x000000008444eeb8,0x0000000085a00000)
 Metaspace       used 93934K, capacity 98502K, committed 98600K, reserved 1134592K
  class space    used 12232K, capacity 13143K, committed 13224K, reserved 1048576K
}
Event: 5071.150 GC heap before
{Heap before GC invocations=17 (full 4):
 PSYoungGen      total 535552K, used 32180K [0x00000000d5580000, 0x0000000100000000, 0x0000000100000000)
  eden space 501248K, 0% used [0x00000000d5580000,0x00000000d5580000,0x00000000f3f00000)
  from space 34304K, 93% used [0x00000000f3f00000,0x00000000f5e6d3f0,0x00000000f6080000)
  to   space 38912K, 0% used [0x00000000fda00000,0x00000000fda00000,0x0000000100000000)
 ParOldGen       total 92160K, used 69947K [0x0000000080000000, 0x0000000085a00000, 0x00000000d5580000)
  object space 92160K, 75% used [0x0000000080000000,0x000000008444eeb8,0x0000000085a00000)
 Metaspace       used 93934K, capacity 98502K, committed 98600K, reserved 1134592K
  class space    used 12232K, capacity 13143K, committed 13224K, reserved 1048576K
Event: 5071.429 GC heap after
Heap after GC invocations=17 (full 4):
 PSYoungGen      total 535552K, used 0K [0x00000000d5580000, 0x0000000100000000, 0x0000000100000000)
  eden space 501248K, 0% used [0x00000000d5580000,0x00000000d5580000,0x00000000f3f00000)
  from space 34304K, 0% used [0x00000000f3f00000,0x00000000f3f00000,0x00000000f6080000)
  to   space 38912K, 0% used [0x00000000fda00000,0x00000000fda00000,0x0000000100000000)
 ParOldGen       total 92160K, used 72045K [0x0000000080000000, 0x0000000085a00000, 0x00000000d5580000)
  object space 92160K, 78% used [0x0000000080000000,0x000000008465b580,0x0000000085a00000)
 Metaspace       used 93253K, capacity 96878K, committed 98600K, reserved 1134592K
  class space    used 12039K, capacity 12796K, committed 13224K, reserved 1048576K
}
Event: 5115.262 GC heap before
{Heap before GC invocations=18 (full 4):
 PSYoungGen      total 535552K, used 501248K [0x00000000d5580000, 0x0000000100000000, 0x0000000100000000)
  eden space 501248K, 100% used [0x00000000d5580000,0x00000000f3f00000,0x00000000f3f00000)
  from space 34304K, 0% used [0x00000000f3f00000,0x00000000f3f00000,0x00000000f6080000)
  to   space 38912K, 0% used [0x00000000fda00000,0x00000000fda00000,0x0000000100000000)
 ParOldGen       total 92160K, used 72045K [0x0000000080000000, 0x0000000085a00000, 0x00000000d5580000)
  object space 92160K, 78% used [0x0000000080000000,0x000000008465b580,0x0000000085a00000)
 Metaspace       used 108344K, capacity 112306K, committed 113176K, reserved 1146880K
  class space    used 13811K, capacity 14638K, committed 14888K, reserved 1048576K
Event: 5115.295 GC heap after
Heap after GC invocations=18 (full 4):
 PSYoungGen      total 645632K, used 38891K [0x00000000d5580000, 0x0000000100000000, 0x0000000100000000)
  eden space 606720K, 0% used [0x00000000d5580000,0x00000000d5580000,0x00000000fa600000)
  from space 38912K, 99% used [0x00000000fda00000,0x00000000ffffaf90,0x0000000100000000)
  to   space 46080K, 0% used [0x00000000fa600000,0x00000000fa600000,0x00000000fd300000)
 ParOldGen       total 92160K, used 74559K [0x0000000080000000, 0x0000000085a00000, 0x00000000d5580000)
  object space 92160K, 80% used [0x0000000080000000,0x00000000848cfe88,0x0000000085a00000)
 Metaspace       used 108344K, capacity 112306K, committed 113176K, reserved 1146880K
  class space    used 13811K, capacity 14638K, committed 14888K, reserved 1048576K
}
Event: 5118.783 GC heap before
{Heap before GC invocations=19 (full 4):
 PSYoungGen      total 645632K, used 645611K [0x00000000d5580000, 0x0000000100000000, 0x0000000100000000)
  eden space 606720K, 100% used [0x00000000d5580000,0x00000000fa600000,0x00000000fa600000)
  from space 38912K, 99% used [0x00000000fda00000,0x00000000ffffaf90,0x0000000100000000)
  to   space 46080K, 0% used [0x00000000fa600000,0x00000000fa600000,0x00000000fd300000)
 ParOldGen       total 92160K, used 74559K [0x0000000080000000, 0x0000000085a00000, 0x00000000d5580000)
  object space 92160K, 80% used [0x0000000080000000,0x00000000848cfe88,0x0000000085a00000)
 Metaspace       used 129657K, capacity 134684K, committed 135064K, reserved 1167360K
  class space    used 16658K, capacity 17647K, committed 17832K, reserved 1048576K
Event: 5118.832 GC heap after
Heap after GC invocations=19 (full 4):
 PSYoungGen      total 636416K, used 29542K [0x00000000d5580000, 0x0000000100000000, 0x0000000100000000)
  eden space 606720K, 0% used [0x00000000d5580000,0x00000000d5580000,0x00000000fa600000)
  from space 29696K, 99% used [0x00000000fa600000,0x00000000fc2d99c8,0x00000000fc300000)
  to   space 47104K, 0% used [0x00000000fd200000,0x00000000fd200000,0x0000000100000000)
 ParOldGen       total 105984K, used 103498K [0x0000000080000000, 0x0000000086780000, 0x00000000d5580000)
  object space 105984K, 97% used [0x0000000080000000,0x0000000086512aa0,0x0000000086780000)
 Metaspace       used 129657K, capacity 134684K, committed 135064K, reserved 1167360K
  class space    used 16658K, capacity 17647K, committed 17832K, reserved 1048576K
}
Event: 5118.832 GC heap before
{Heap before GC invocations=20 (full 5):
 PSYoungGen      total 636416K, used 29542K [0x00000000d5580000, 0x0000000100000000, 0x0000000100000000)
  eden space 606720K, 0% used [0x00000000d5580000,0x00000000d5580000,0x00000000fa600000)
  from space 29696K, 99% used [0x00000000fa600000,0x00000000fc2d99c8,0x00000000fc300000)
  to   space 47104K, 0% used [0x00000000fd200000,0x00000000fd200000,0x0000000100000000)
 ParOldGen       total 105984K, used 103498K [0x0000000080000000, 0x0000000086780000, 0x00000000d5580000)
  object space 105984K, 97% used [0x0000000080000000,0x0000000086512aa0,0x0000000086780000)
 Metaspace       used 129657K, capacity 134684K, committed 135064K, reserved 1167360K
  class space    used 16658K, capacity 17647K, committed 17832K, reserved 1048576K
Event: 5119.023 GC heap after
Heap after GC invocations=20 (full 5):
 PSYoungGen      total 636416K, used 0K [0x00000000d5580000, 0x0000000100000000, 0x0000000100000000)
  eden space 606720K, 0% used [0x00000000d5580000,0x00000000d5580000,0x00000000fa600000)
  from space 29696K, 0% used [0x00000000fa600000,0x00000000fa600000,0x00000000fc300000)
  to   space 47104K, 0% used [0x00000000fd200000,0x00000000fd200000,0x0000000100000000)
 ParOldGen       total 193536K, used 93162K [0x0000000080000000, 0x000000008bd00000, 0x00000000d5580000)
  object space 193536K, 48% used [0x0000000080000000,0x0000000085afaa30,0x000000008bd00000)
 Metaspace       used 127444K, capacity 132354K, committed 135064K, reserved 1167360K
  class space    used 16373K, capacity 17348K, committed 17832K, reserved 1048576K
}

